[Wed, 15 May 2024 14:33:43 +0000] [/chicdressing/wp-content/cache/minify/c2e07.js] [http://localhost/chicdressing/accueil/] chicdressing\/wp-includes/js/jquery/jquery.min.js
[Wed, 15 May 2024 14:33:43 +0000] [/chicdressing/wp-content/cache/minify/9261a.js] [http://localhost/chicdressing/accueil/] chicdressing\/wp-content/plugins/w3-total-cache/pub/js/lazyload.min.js
[Wed, 15 May 2024 21:32:15 +0000] [/chicdressing/wp-content/cache/minify/c189b.css] [http://localhost/chicdressing/] chicdressing\/wp-includes/css/dist/block-library/style.min.css
yles.css
chicdressing\/wp-content/plugins/woocommerce/assets/css/woocommerce-layout.css
chicdressing\/wp-content/plugins/woocommerce/assets/css/woocommerce-smallscreen.css
chicdressing\/wp-content/plugins/woocommerce/assets/css/woocommerce.css
n.css
chicdressing\/wp-includes/css/admin-bar.min.css
[Wed, 15 May 2024 21:32:15 +0000] [/chicdressing/wp-content/cache/minify/c32f5.css] [http://localhost/chicdressing/] chicdressing\/wp-content/plugins/recent-posts-widget-with-thumbnails/public.css
chicdressing\/wp-content/plugins/autoptimize/classes/static/toolbar.min.css
[Wed, 15 May 2024 21:32:15 +0000] [/chicdressing/wp-content/cache/minify/a17d5.css] [http://localhost/chicdressing/] chicdressing\/wp-content/plugins/imagify/assets/css/admin-bar.min.css
chicdressing\/wp-content/plugins/social-warfare/assets/css/style.min.css
chicdressing\/wp-content/themes/ashe/style.css
chicdressing\/wp-content/themes/chicdressing/style.css
chicdressing\/wp-content/themes/ashe/assets/css/fontawesome.min.css
chicdressing\/wp-content/themes/ashe/assets/css/fontello.css
chicdressing\/wp-content/themes/ashe/assets/css/slick.css
chicdressing\/wp-content/themes/ashe/assets/css/perfect-scrollbar.css
chicdressing\/wp-content/themes/ashe/assets/css/woocommerce.css
chicdressing\/wp-content/themes/ashe/assets/css/responsive.css
[Wed, 15 May 2024 21:32:16 +0000] [/chicdressing/wp-content/cache/minify/64c3d.css] [http://localhost/chicdressing/] chicdressing\/wp-content/plugins/woocommerce/assets/client/blocks/wc-blocks.css
[Wed, 15 May 2024 21:32:16 +0000] [/chicdressing/wp-content/cache/minify/e4cea.js] [http://localhost/chicdressing/] chicdressing\/wp-includes/js/jquery/jquery.min.js
chicdressing\/wp-includes/js/jquery/jquery-migrate.min.js
chicdressing\/wp-content/plugins/woocommerce/assets/js/jquery-blockui/jquery.blockUI.min.js
[Wed, 15 May 2024 21:32:16 +0000] [/chicdressing/wp-content/cache/minify/5f7d4.js] [http://localhost/chicdressing/] chicdressing\/wp-content/plugins/woocommerce/assets/js/frontend/woocommerce.min.js
[Wed, 15 May 2024 21:32:16 +0000] [/chicdressing/wp-content/cache/minify/b7993.js] [http://localhost/chicdressing/] chicdressing\/wp-content/plugins/woocommerce/assets/js/frontend/add-to-cart.min.js
chicdressing\/wp-content/plugins/woocommerce/assets/js/js-cookie/js.cookie.min.js
[Wed, 15 May 2024 21:32:16 +0000] [/chicdressing/wp-content/cache/minify/413d8.js] [http://localhost/chicdressing/] chicdressing\/wp-includes/js/hoverintent-js.min.js
chicdressing\/wp-includes/js/admin-bar.min.js
chicdressing\/wp-content/plugins/contact-form-7/includes/swv/js/index.js
[Wed, 15 May 2024 21:32:16 +0000] [/chicdressing/wp-content/cache/minify/4967b.js] [http://localhost/chicdressing/] chicdressing\/wp-content/plugins/contact-form-7/includes/js/index.js
chicdressing\/wp-content/plugins/woocommerce/assets/js/sourcebuster/sourcebuster.min.js
[Wed, 15 May 2024 21:32:17 +0000] [/chicdressing/wp-content/cache/minify/8e4b2.js] [http://localhost/chicdressing/] chicdressing\/wp-content/plugins/woocommerce/assets/js/frontend/order-attribution.min.js
[Wed, 15 May 2024 21:32:17 +0000] [/chicdressing/wp-content/cache/minify/f39f6.js] [http://localhost/chicdressing/] chicdressing\/wp-content/plugins/imagify/assets/js/admin-bar.min.js
[Wed, 15 May 2024 21:32:17 +0000] [/chicdressing/wp-content/cache/minify/0034c.js] [http://localhost/chicdressing/] chicdressing\/wp-content/plugins/social-warfare/assets/js/script.min.js
chicdressing\/wp-content/themes/ashe/assets/js/custom-plugins.js
chicdressing\/wp-content/themes/ashe/assets/js/custom-scripts.js
[Wed, 15 May 2024 21:32:18 +0000] [/chicdressing/wp-content/cache/minify/07b39.js] [http://localhost/chicdressing/] chicdressing\/wp-content/plugins/autoptimize/classes/static/toolbar.min.js
chicdressing\/wp-content/plugins/wysija-newsletters/js/validate/languages/jquery.validationEngine-fr.js
chicdressing\/wp-content/plugins/wysija-newsletters/js/validate/jquery.validationEngine.js
[Wed, 15 May 2024 21:32:18 +0000] [/chicdressing/wp-content/cache/minify/a94c3.js] [http://localhost/chicdressing/] chicdressing\/wp-content/plugins/wysija-newsletters/js/front-subscribers.js
[Wed, 15 May 2024 22:07:26 +0000] [/chicdressing/wp-content/cache/minify/161b6.js] [http://localhost/chicdressing/product/robe-casual-chic-en-laine-maage/] chicdressing\/wp-content/plugins/autoptimize/classes/static/toolbar.min.js
[Wed, 15 May 2024 22:07:26 +0000] [/chicdressing/wp-content/cache/minify/3382a.js] [http://localhost/chicdressing/product/robe-casual-chic-en-laine-maage/] chicdressing\/wp-content/plugins/woocommerce/assets/js/frontend/add-to-cart.min.js
chicdressing\/wp-content/plugins/woocommerce/assets/js/zoom/jquery.zoom.min.js
chicdressing\/wp-content/plugins/woocommerce/assets/js/flexslider/jquery.flexslider.min.js
chicdressing\/wp-content/plugins/woocommerce/assets/js/photoswipe/photoswipe.min.js
chicdressing\/wp-content/plugins/woocommerce/assets/js/photoswipe/photoswipe-ui-default.min.js
[Wed, 15 May 2024 22:07:26 +0000] [/chicdressing/wp-content/cache/minify/0b929.css] [http://localhost/chicdressing/product/robe-casual-chic-en-laine-maage/] chicdressing\/wp-content/plugins/contact-form-7/includes/css/styles.css
chicdressing\/wp-content/plugins/woocommerce/assets/css/photoswipe/photoswipe.min.css
chicdressing\/wp-content/plugins/woocommerce/assets/css/photoswipe/default-skin/default-skin.min.css
chicdressing\/wp-content/plugins/woocommerce/assets/css/woocommerce-layout.css
chicdressing\/wp-content/plugins/woocommerce/assets/css/woocommerce-smallscreen.css
chicdressing\/wp-content/plugins/woocommerce/assets/css/woocommerce.css
[Wed, 15 May 2024 22:07:26 +0000] [/chicdressing/wp-content/cache/minify/4b396.js] [http://localhost/chicdressing/product/robe-casual-chic-en-laine-maage/] chicdressing\/wp-content/plugins/woocommerce/assets/js/frontend/single-product.min.js
chicdressing\/wp-content/plugins/woocommerce/assets/js/js-cookie/js.cookie.min.js
[Tue, 21 May 2024 14:25:51 +0000] [/chicdressing/wp-content/cache/minify/c2e07.js] [http://localhost/chicdressing/product/robe-casual-chic-en-laine-maage/] chicdressing\/wp-includes/js/jquery/jquery.min.js
b/js/lazyload.min.js
[Tue, 21 May 2024 14:43:48 +0000] [/chicdressing/wp-content/cache/minify/c38be.js] [http://localhost/chicdressing/accueil/] chicdressing\/wp-content/plugins/autoptimize/classes/external/js/lazysizes.min.js
chicdressing\/wp-content/plugins/w3-total-cache/pub/js/lazyload.min.js
[Tue, 21 May 2024 14:54:31 +0000] [/chicdressing/wp-content/cache/minify/85c98.css] [http://localhost/chicdressing/] chicdressing\/wp-content/plugins/contact-form-7/includes/css/styles.css
chicdressing\/wp-content/plugins/woocommerce/assets/css/woocommerce-layout.css
chicdressing\/wp-content/plugins/woocommerce/assets/css/woocommerce-smallscreen.css
chicdressing\/wp-content/plugins/woocommerce/assets/css/woocommerce.css
[Tue, 21 May 2024 14:54:31 +0000] [/chicdressing/wp-content/cache/minify/b7993.js] [http://localhost/chicdressing/] chicdressing\/wp-content/plugins/woocommerce/assets/js/frontend/add-to-cart.min.js
chicdressing\/wp-content/plugins/woocommerce/assets/js/js-cookie/js.cookie.min.js
[Tue, 21 May 2024 14:54:31 +0000] [/chicdressing/wp-content/cache/minify/3a600.css] [http://localhost/chicdressing/] chicdressing\/wp-content/plugins/recent-posts-widget-with-thumbnails/public.css
chicdressing\/wp-content/plugins/autoptimize/classes/static/toolbar.min.css
chicdressing\/wp-content/plugins/a3-lazy-load/assets/css/jquery.lazyloadxt.spinner.css
chicdressing\/wp-content/uploads/sass/a3_lazy_load.min.css
[Tue, 21 May 2024 14:54:31 +0000] [/chicdressing/wp-content/cache/minify/6bc65.js] [http://localhost/chicdressing/] chicdressing\/wp-content/plugins/a3-lazy-load/assets/js/jquery.lazyloadxt.extend.js
chicdressing\/wp-content/plugins/wysija-newsletters/js/validate/languages/jquery.validationEngine-fr.js
chicdressing\/wp-content/plugins/wysija-newsletters/js/validate/jquery.validationEngine.js
[Tue, 21 May 2024 14:54:31 +0000] [/chicdressing/wp-content/cache/minify/ee213.js] [http://localhost/chicdressing/] chicdressing\/wp-content/plugins/a3-lazy-load/assets/js/jquery.lazyloadxt.extra.min.js
chicdressing\/wp-content/plugins/a3-lazy-load/assets/js/jquery.lazyloadxt.srcset.min.js
[Tue, 21 May 2024 14:54:32 +0000] [/chicdressing/wp-content/cache/minify/a94c3.js] [http://localhost/chicdressing/] chicdressing\/wp-content/plugins/wysija-newsletters/js/front-subscribers.js
[Tue, 21 May 2024 14:55:19 +0000] [/chicdressing/wp-content/cache/minify/17910.css] [http://localhost/chicdressing/] chicdressing\/wp-content/plugins/wysija-newsletters/css/validationEngine.jquery.css
chicdressing\/wp-content/plugins/social-warfare/assets/js/post-editor/dist/blocks.style.build.css
chicdressing\/wp-content/plugins/wp-seopress/assets/css/seopress-admin-bar.min.css
chicdressing\/wp-includes/css/dashicons.min.css
chicdressing\/wp-includes/css/admin-bar.min.css
[Tue, 21 May 2024 14:55:19 +0000] [/chicdressing/wp-content/cache/minify/c189b.css] [http://localhost/chicdressing/] chicdressing\/wp-includes/css/dist/block-library/style.min.css
[Tue, 21 May 2024 14:55:19 +0000] [/chicdressing/wp-content/cache/minify/64c3d.css] [http://localhost/chicdressing/] chicdressing\/wp-content/plugins/woocommerce/assets/client/blocks/wc-blocks.css
[Tue, 21 May 2024 14:55:19 +0000] [/chicdressing/wp-content/cache/minify/a17d5.css] [http://localhost/chicdressing/] chicdressing\/wp-content/plugins/imagify/assets/css/admin-bar.min.css
chicdressing\/wp-content/plugins/social-warfare/assets/css/style.min.css
chicdressing\/wp-content/themes/ashe/style.css
chicdressing\/wp-content/themes/chicdressing/style.css
chicdressing\/wp-content/themes/ashe/assets/css/fontawesome.min.css
chicdressing\/wp-content/themes/ashe/assets/css/fontello.css
chicdressing\/wp-content/themes/ashe/assets/css/slick.css
chicdressing\/wp-content/themes/ashe/assets/css/perfect-scrollbar.css
chicdressing\/wp-content/themes/ashe/assets/css/woocommerce.css
chicdressing\/wp-content/themes/ashe/assets/css/responsive.css
[Tue, 21 May 2024 14:55:19 +0000] [/chicdressing/wp-content/cache/minify/e4cea.js] [http://localhost/chicdressing/] chicdressing\/wp-includes/js/jquery/jquery.min.js
chicdressing\/wp-includes/js/jquery/jquery-migrate.min.js
chicdressing\/wp-content/plugins/woocommerce/assets/js/jquery-blockui/jquery.blockUI.min.js
[Tue, 21 May 2024 14:55:19 +0000] [/chicdressing/wp-content/cache/minify/5f7d4.js] [http://localhost/chicdressing/] chicdressing\/wp-content/plugins/woocommerce/assets/js/frontend/woocommerce.min.js
[Tue, 21 May 2024 14:55:20 +0000] [/chicdressing/wp-content/cache/minify/413d8.js] [http://localhost/chicdressing/] chicdressing\/wp-includes/js/hoverintent-js.min.js
chicdressing\/wp-includes/js/admin-bar.min.js
chicdressing\/wp-content/plugins/contact-form-7/includes/swv/js/index.js
[Tue, 21 May 2024 14:55:20 +0000] [/chicdressing/wp-content/cache/minify/4967b.js] [http://localhost/chicdressing/] chicdressing\/wp-content/plugins/contact-form-7/includes/js/index.js
chicdressing\/wp-content/plugins/woocommerce/assets/js/sourcebuster/sourcebuster.min.js
[Tue, 21 May 2024 14:55:20 +0000] [/chicdressing/wp-content/cache/minify/f39f6.js] [http://localhost/chicdressing/] chicdressing\/wp-content/plugins/imagify/assets/js/admin-bar.min.js
[Tue, 21 May 2024 14:55:20 +0000] [/chicdressing/wp-content/cache/minify/161b6.js] [http://localhost/chicdressing/] chicdressing\/wp-content/plugins/autoptimize/classes/static/toolbar.min.js
[Tue, 21 May 2024 14:55:20 +0000] [/chicdressing/wp-content/cache/minify/8e4b2.js] [http://localhost/chicdressing/] chicdressing\/wp-content/plugins/woocommerce/assets/js/frontend/order-attribution.min.js
[Tue, 21 May 2024 14:55:20 +0000] [/chicdressing/wp-content/cache/minify/0034c.js] [http://localhost/chicdressing/] chicdressing\/wp-content/plugins/social-warfare/assets/js/script.min.js
chicdressing\/wp-content/themes/ashe/assets/js/custom-plugins.js
chicdressing\/wp-content/themes/ashe/assets/js/custom-scripts.js
[Fri, 24 May 2024 06:48:54 +0000] [/chicdressing/wp-content/cache/minify/85c98.css] [http://localhost/chicdressing/] chicdressing\/wp-content/plugins/contact-form-7/includes/css/styles.css
chicdressing\/wp-content/plugins/woocommerce/assets/css/woocommerce-layout.css
chicdressing\/wp-content/plugins/woocommerce/assets/css/woocommerce-smallscreen.css
chicdressing\/wp-content/plugins/woocommerce/assets/css/woocommerce.css
[Fri, 24 May 2024 06:48:54 +0000] [/chicdressing/wp-content/cache/minify/6bc65.js] [http://localhost/chicdressing/] chicdressing\/wp-content/plugins/a3-lazy-load/assets/js/jquery.lazyloadxt.extend.js
chicdressing\/wp-content/plugins/wysija-newsletters/js/validate/languages/jquery.validationEngine-fr.js
chicdressing\/wp-content/plugins/wysija-newsletters/js/validate/jquery.validationEngine.js
[Fri, 24 May 2024 06:48:54 +0000] [/chicdressing/wp-content/cache/minify/3a600.css] [http://localhost/chicdressing/] chicdressing\/wp-content/plugins/recent-posts-widget-with-thumbnails/public.css
chicdressing\/wp-content/plugins/autoptimize/classes/static/toolbar.min.css
chicdressing\/wp-content/plugins/a3-lazy-load/assets/css/jquery.lazyloadxt.spinner.css
chicdressing\/wp-content/uploads/sass/a3_lazy_load.min.css
[Fri, 24 May 2024 06:48:54 +0000] [/chicdressing/wp-content/cache/minify/b7993.js] [http://localhost/chicdressing/] chicdressing\/wp-content/plugins/woocommerce/assets/js/frontend/add-to-cart.min.js
chicdressing\/wp-content/plugins/woocommerce/assets/js/js-cookie/js.cookie.min.js
[Fri, 24 May 2024 06:48:54 +0000] [/chicdressing/wp-content/cache/minify/ee213.js] [http://localhost/chicdressing/] chicdressing\/wp-content/plugins/a3-lazy-load/assets/js/jquery.lazyloadxt.extra.min.js
chicdressing\/wp-content/plugins/a3-lazy-load/assets/js/jquery.lazyloadxt.srcset.min.js
[Fri, 24 May 2024 06:48:55 +0000] [/chicdressing/wp-content/cache/minify/a94c3.js] [http://localhost/chicdressing/] chicdressing\/wp-content/plugins/wysija-newsletters/js/front-subscribers.js
[Fri, 24 May 2024 06:48:55 +0000] [/chicdressing/wp-content/cache/minify/9261a.js] [http://localhost/chicdressing/] chicdressing\/wp-content/plugins/w3-total-cache/pub/js/lazyload.min.js
[Fri, 24 May 2024 06:49:11 +0000] [/chicdressing/wp-content/cache/minify/c2e07.js] [http://localhost/chicdressing/] chicdressing\/wp-includes/js/jquery/jquery.min.js
[Fri, 24 May 2024 06:49:11 +0000] [/chicdressing/wp-content/cache/minify/cf48e.css] [http://localhost/chicdressing/] chicdressing\/wp-content/uploads/sass/a3_lazy_load.min.css
[Fri, 24 May 2024 06:49:12 +0000] [/chicdressing/wp-content/cache/minify/c38be.js] [http://localhost/chicdressing/] chicdressing\/wp-content/plugins/autoptimize/classes/external/js/lazysizes.min.js
chicdressing\/wp-content/plugins/w3-total-cache/pub/js/lazyload.min.js
[Fri, 24 May 2024 08:27:08 +0000] [/chicdressing/wp-content/cache/minify/c189b.css] [http://localhost/chicdressing/] chicdressing\/wp-includes/css/dist/block-library/style.min.css
[Fri, 24 May 2024 08:27:08 +0000] [/chicdressing/wp-content/cache/minify/3a600.css] [http://localhost/chicdressing/] chicdressing\/wp-content/plugins/recent-posts-widget-with-thumbnails/public.css
chicdressing\/wp-content/plugins/autoptimize/classes/static/toolbar.min.css
chicdressing\/wp-content/plugins/a3-lazy-load/assets/css/jquery.lazyloadxt.spinner.css
chicdressing\/wp-content/uploads/sass/a3_lazy_load.min.css
[Fri, 24 May 2024 08:27:08 +0000] [/chicdressing/wp-content/cache/minify/17910.css] [http://localhost/chicdressing/] chicdressing\/wp-content/plugins/wysija-newsletters/css/validationEngine.jquery.css
chicdressing\/wp-content/plugins/social-warfare/assets/js/post-editor/dist/blocks.style.build.css
chicdressing\/wp-content/plugins/wp-seopress/assets/css/seopress-admin-bar.min.css
chicdressing\/wp-includes/css/dashicons.min.css
chicdressing\/wp-includes/css/admin-bar.min.css
[Fri, 24 May 2024 08:27:08 +0000] [/chicdressing/wp-content/cache/minify/e4cea.js] [http://localhost/chicdressing/] chicdressing\/wp-includes/js/jquery/jquery.min.js
chicdressing\/wp-includes/js/jquery/jquery-migrate.min.js
chicdressing\/wp-content/plugins/woocommerce/assets/js/jquery-blockui/jquery.blockUI.min.js
[Fri, 24 May 2024 08:27:08 +0000] [/chicdressing/wp-content/cache/minify/5f7d4.js] [http://localhost/chicdressing/] chicdressing\/wp-content/plugins/woocommerce/assets/js/frontend/woocommerce.min.js
[Fri, 24 May 2024 08:27:08 +0000] [/chicdressing/wp-content/cache/minify/a17d5.css] [http://localhost/chicdressing/] chicdressing\/wp-content/plugins/imagify/assets/css/admin-bar.min.css
chicdressing\/wp-content/plugins/social-warfare/assets/css/style.min.css
chicdressing\/wp-content/themes/ashe/style.css
chicdressing\/wp-content/themes/chicdressing/style.css
chicdressing\/wp-content/themes/ashe/assets/css/fontawesome.min.css
chicdressing\/wp-content/themes/ashe/assets/css/fontello.css
chicdressing\/wp-content/themes/ashe/assets/css/slick.css
chicdressing\/wp-content/themes/ashe/assets/css/perfect-scrollbar.css
chicdressing\/wp-content/themes/ashe/assets/css/woocommerce.css
chicdressing\/wp-content/themes/ashe/assets/css/responsive.css
[Fri, 24 May 2024 08:27:09 +0000] [/chicdressing/wp-content/cache/minify/413d8.js] [http://localhost/chicdressing/] chicdressing\/wp-includes/js/hoverintent-js.min.js
chicdressing\/wp-includes/js/admin-bar.min.js
chicdressing\/wp-content/plugins/contact-form-7/includes/swv/js/index.js
[Fri, 24 May 2024 08:27:09 +0000] [/chicdressing/wp-content/cache/minify/64c3d.css] [http://localhost/chicdressing/] chicdressing\/wp-content/plugins/woocommerce/assets/client/blocks/wc-blocks.css
[Fri, 24 May 2024 08:27:09 +0000] [/chicdressing/wp-content/cache/minify/8e4b2.js] [http://localhost/chicdressing/] chicdressing\/wp-content/plugins/woocommerce/assets/js/frontend/order-attribution.min.js
[Fri, 24 May 2024 08:27:09 +0000] [/chicdressing/wp-content/cache/minify/f39f6.js] [http://localhost/chicdressing/] chicdressing\/wp-content/plugins/imagify/assets/js/admin-bar.min.js
[Fri, 24 May 2024 08:27:09 +0000] [/chicdressing/wp-content/cache/minify/0034c.js] [http://localhost/chicdressing/] chicdressing\/wp-content/plugins/social-warfare/assets/js/script.min.js
chicdressing\/wp-content/themes/ashe/assets/js/custom-plugins.js
chicdressing\/wp-content/themes/ashe/assets/js/custom-scripts.js
[Fri, 24 May 2024 08:27:09 +0000] [/chicdressing/wp-content/cache/minify/4967b.js] [http://localhost/chicdressing/] chicdressing\/wp-content/plugins/contact-form-7/includes/js/index.js
chicdressing\/wp-content/plugins/woocommerce/assets/js/sourcebuster/sourcebuster.min.js
[Fri, 24 May 2024 08:27:10 +0000] [/chicdressing/wp-content/cache/minify/ee213.js] [http://localhost/chicdressing/] chicdressing\/wp-content/plugins/a3-lazy-load/assets/js/jquery.lazyloadxt.extra.min.js
chicdressing\/wp-content/plugins/a3-lazy-load/assets/js/jquery.lazyloadxt.srcset.min.js
[Fri, 24 May 2024 08:27:10 +0000] [/chicdressing/wp-content/cache/minify/161b6.js] [http://localhost/chicdressing/] chicdressing\/wp-content/plugins/autoptimize/classes/static/toolbar.min.js
[Fri, 24 May 2024 08:27:10 +0000] [/chicdressing/wp-content/cache/minify/9261a.js] [http://localhost/chicdressing/] chicdressing\/wp-content/plugins/w3-total-cache/pub/js/lazyload.min.js
[Fri, 24 May 2024 08:27:10 +0000] [/chicdressing/wp-content/cache/minify/6bc65.js] [http://localhost/chicdressing/] chicdressing\/wp-content/plugins/a3-lazy-load/assets/js/jquery.lazyloadxt.extend.js
chicdressing\/wp-content/plugins/wysija-newsletters/js/validate/languages/jquery.validationEngine-fr.js
chicdressing\/wp-content/plugins/wysija-newsletters/js/validate/jquery.validationEngine.js
[Fri, 24 May 2024 08:27:10 +0000] [/chicdressing/wp-content/cache/minify/a94c3.js] [http://localhost/chicdressing/] chicdressing\/wp-content/plugins/wysija-newsletters/js/front-subscribers.js
[Fri, 24 May 2024 08:41:09 +0000] [/chicdressing/wp-content/cache/minify/2ece5.css] [http://localhost/chicdressing/?customize_changeset_uuid=5da572bc-f72e-4057-8367-0e222427e07e&customize_theme=chicdressing&customize_messenger_channel=preview-0] chicdressing\/wp-content/plugins/social-warfare/assets/css/style.min.css
chicdressing\/wp-content/themes/ashe/style.css
chicdressing\/wp-content/themes/chicdressing/style.css
chicdressing\/wp-content/themes/ashe/assets/css/fontawesome.min.css
chicdressing\/wp-content/themes/ashe/assets/css/fontello.css
chicdressing\/wp-content/themes/ashe/assets/css/slick.css
chicdressing\/wp-content/themes/ashe/assets/css/perfect-scrollbar.css
chicdressing\/wp-content/themes/ashe/assets/css/woocommerce.css
chicdressing\/wp-content/themes/ashe/assets/css/responsive.css
[Fri, 24 May 2024 08:41:09 +0000] [/chicdressing/wp-content/cache/minify/28ef1.css] [http://localhost/chicdressing/?customize_changeset_uuid=5da572bc-f72e-4057-8367-0e222427e07e&customize_theme=chicdressing&customize_messenger_channel=preview-0] chicdressing\/wp-content/plugins/wysija-newsletters/css/validationEngine.jquery.css
chicdressing\/wp-content/plugins/social-warfare/assets/js/post-editor/dist/blocks.style.build.css
chicdressing\/wp-includes/css/dashicons.min.css
chicdressing\/wp-includes/css/customize-preview.min.css
[Fri, 24 May 2024 08:41:09 +0000] [/chicdressing/wp-content/cache/minify/2cfd0.js] [http://localhost/chicdressing/?customize_changeset_uuid=5da572bc-f72e-4057-8367-0e222427e07e&customize_theme=chicdressing&customize_messenger_channel=preview-0] chicdressing\/wp-includes/js/jquery/jquery.min.js
chicdressing\/wp-includes/js/jquery/jquery-migrate.min.js
chicdressing\/wp-content/plugins/woocommerce/assets/js/js-cookie/js.cookie.min.js
[Fri, 24 May 2024 08:41:09 +0000] [/chicdressing/wp-content/cache/minify/03631.js] [http://localhost/chicdressing/?customize_changeset_uuid=5da572bc-f72e-4057-8367-0e222427e07e&customize_theme=chicdressing&customize_messenger_channel=preview-0] chicdressing\/wp-content/plugins/woocommerce/assets/js/frontend/cart-fragments.min.js
chicdressing\/wp-content/plugins/woocommerce/assets/js/jquery-blockui/jquery.blockUI.min.js
[Fri, 24 May 2024 08:41:09 +0000] [/chicdressing/wp-content/cache/minify/50fd1.css] [http://localhost/chicdressing/?customize_changeset_uuid=5da572bc-f72e-4057-8367-0e222427e07e&customize_theme=chicdressing&customize_messenger_channel=preview-0] chicdressing\/wp-content/plugins/recent-posts-widget-with-thumbnails/public.css
chicdressing\/wp-includes/js/mediaelement/mediaelementplayer-legacy.min.css
chicdressing\/wp-includes/js/mediaelement/wp-mediaelement.min.css
chicdressing\/wp-content/plugins/a3-lazy-load/assets/css/jquery.lazyloadxt.spinner.css
chicdressing\/wp-content/uploads/sass/a3_lazy_load.min.css
[Fri, 24 May 2024 08:41:09 +0000] [/chicdressing/wp-content/cache/minify/1cd20.js] [http://localhost/chicdressing/?customize_changeset_uuid=5da572bc-f72e-4057-8367-0e222427e07e&customize_theme=chicdressing&customize_messenger_channel=preview-0] chicdressing\/wp-content/plugins/woocommerce/assets/js/frontend/add-to-cart.min.js
[Fri, 24 May 2024 08:41:10 +0000] [/chicdressing/wp-content/cache/minify/b991d.js] [http://localhost/chicdressing/?customize_changeset_uuid=5da572bc-f72e-4057-8367-0e222427e07e&customize_theme=chicdressing&customize_messenger_channel=preview-0] chicdressing\/wp-includes/js/jquery/ui/core.min.js
chicdressing\/wp-includes/js/jquery/ui/mouse.min.js
chicdressing\/wp-includes/js/jquery/ui/slider.min.js
chicdressing\/wp-content/plugins/woocommerce/assets/js/jquery-ui-touch-punch/jquery-ui-touch-punch.min.js
chicdressing\/wp-content/plugins/woocommerce/assets/js/accounting/accounting.min.js
[Fri, 24 May 2024 08:41:10 +0000] [/chicdressing/wp-content/cache/minify/53a9a.js] [http://localhost/chicdressing/?customize_changeset_uuid=5da572bc-f72e-4057-8367-0e222427e07e&customize_theme=chicdressing&customize_messenger_channel=preview-0] chicdressing\/wp-content/plugins/woocommerce/assets/js/frontend/price-slider.min.js
chicdressing\/wp-includes/js/dist/vendor/wp-polyfill-inert.min.js
chicdressing\/wp-includes/js/dist/vendor/regenerator-runtime.min.js
chicdressing\/wp-includes/js/dist/vendor/wp-polyfill.min.js
chicdressing\/wp-includes/js/dist/dom-ready.min.js
chicdressing\/wp-includes/js/dist/hooks.min.js
chicdressing\/wp-includes/js/dist/i18n.min.js
[Fri, 24 May 2024 08:41:10 +0000] [/chicdressing/wp-content/cache/minify/c54a0.js] [http://localhost/chicdressing/?customize_changeset_uuid=5da572bc-f72e-4057-8367-0e222427e07e&customize_theme=chicdressing&customize_messenger_channel=preview-0] chicdressing\/wp-includes/js/mediaelement/mediaelement-and-player.min.js
chicdressing\/wp-includes/js/mediaelement/mediaelement-migrate.min.js
[Fri, 24 May 2024 08:41:10 +0000] [/chicdressing/wp-content/cache/minify/00c21.js] [http://localhost/chicdressing/?customize_changeset_uuid=5da572bc-f72e-4057-8367-0e222427e07e&customize_theme=chicdressing&customize_messenger_channel=preview-0] chicdressing\/wp-includes/js/wp-util.min.js
chicdressing\/wp-includes/js/backbone.min.js
chicdressing\/wp-includes/js/mediaelement/wp-playlist.min.js
chicdressing\/wp-includes/js/customize-selective-refresh.min.js
chicdressing\/wp-includes/js/customize-preview-widgets.min.js
chicdressing\/wp-includes/js/customize-preview-nav-menus.min.js
[Fri, 24 May 2024 08:41:10 +0000] [/chicdressing/wp-content/cache/minify/2dd44.js] [http://localhost/chicdressing/?customize_changeset_uuid=5da572bc-f72e-4057-8367-0e222427e07e&customize_theme=chicdressing&customize_messenger_channel=preview-0] chicdressing\/wp-includes/js/mediaelement/wp-mediaelement.min.js
chicdressing\/wp-includes/js/mediaelement/renderers/vimeo.min.js
[Fri, 24 May 2024 08:41:10 +0000] [/chicdressing/wp-content/cache/minify/17402.js] [http://localhost/chicdressing/?customize_changeset_uuid=5da572bc-f72e-4057-8367-0e222427e07e&customize_theme=chicdressing&customize_messenger_channel=preview-0] chicdressing\/wp-includes/js/dist/a11y.min.js
chicdressing\/wp-includes/js/underscore.min.js
chicdressing\/wp-includes/js/customize-base.min.js
chicdressing\/wp-includes/js/customize-preview.min.js
chicdressing\/wp-content/themes/ashe/inc/customizer/js/customize-preview.js
chicdressing\/wp-content/plugins/contact-form-7/includes/swv/js/index.js
[Fri, 24 May 2024 08:41:18 +0000] [/chicdressing/wp-content/cache/minify/4b396.js] [http://localhost/chicdressing/product/robe-casual-chic-en-laine-maage/] chicdressing\/wp-content/plugins/woocommerce/assets/js/frontend/single-product.min.js
chicdressing\/wp-content/plugins/woocommerce/assets/js/js-cookie/js.cookie.min.js
[Fri, 24 May 2024 08:41:18 +0000] [/chicdressing/wp-content/cache/minify/0b929.css] [http://localhost/chicdressing/product/robe-casual-chic-en-laine-maage/] chicdressing\/wp-content/plugins/contact-form-7/includes/css/styles.css
chicdressing\/wp-content/plugins/woocommerce/assets/css/photoswipe/photoswipe.min.css
chicdressing\/wp-content/plugins/woocommerce/assets/css/photoswipe/default-skin/default-skin.min.css
chicdressing\/wp-content/plugins/woocommerce/assets/css/woocommerce-layout.css
chicdressing\/wp-content/plugins/woocommerce/assets/css/woocommerce-smallscreen.css
chicdressing\/wp-content/plugins/woocommerce/assets/css/woocommerce.css
[Fri, 24 May 2024 08:41:18 +0000] [/chicdressing/wp-content/cache/minify/46e68.js] [http://localhost/chicdressing/product/robe-casual-chic-en-laine-maage/] chicdressing\/wp-content/plugins/a3-lazy-load/assets/js/jquery.lazyloadxt.extend.js
[Fri, 24 May 2024 08:41:18 +0000] [/chicdressing/wp-content/cache/minify/3382a.js] [http://localhost/chicdressing/product/robe-casual-chic-en-laine-maage/] chicdressing\/wp-content/plugins/woocommerce/assets/js/frontend/add-to-cart.min.js
chicdressing\/wp-content/plugins/woocommerce/assets/js/zoom/jquery.zoom.min.js
chicdressing\/wp-content/plugins/woocommerce/assets/js/flexslider/jquery.flexslider.min.js
chicdressing\/wp-content/plugins/woocommerce/assets/js/photoswipe/photoswipe.min.js
chicdressing\/wp-content/plugins/woocommerce/assets/js/photoswipe/photoswipe-ui-default.min.js
[Fri, 24 May 2024 09:38:13 +0000] [/chicdressing/wp-content/cache/minify/8d613.js] [http://localhost/chicdressing/product/manteau-laine-marron-yml/] chicdressing\/wp-content/plugins/autoptimize/classes/external/js/lazysizes.min.js
[Fri, 24 May 2024 10:30:35 +0000] [/chicdressing/wp-content/cache/minify/c189b.css] [http://localhost/chicdressing/blog/] chicdressing\/wp-includes/css/dist/block-library/style.min.css
[Fri, 24 May 2024 10:30:35 +0000] [/chicdressing/wp-content/cache/minify/a17d5.css] [http://localhost/chicdressing/blog/] chicdressing\/wp-content/plugins/imagify/assets/css/admin-bar.min.css
chicdressing\/wp-content/plugins/social-warfare/assets/css/style.min.css
chicdressing\/wp-content/themes/ashe/style.css
chicdressing\/wp-content/themes/chicdressing/style.css
chicdressing\/wp-content/themes/ashe/assets/css/fontawesome.min.css
chicdressing\/wp-content/themes/ashe/assets/css/fontello.css
chicdressing\/wp-content/themes/ashe/assets/css/slick.css
chicdressing\/wp-content/themes/ashe/assets/css/perfect-scrollbar.css
chicdressing\/wp-content/themes/ashe/assets/css/woocommerce.css
chicdressing\/wp-content/themes/ashe/assets/css/responsive.css
[Fri, 24 May 2024 10:30:35 +0000] [/chicdressing/wp-content/cache/minify/17910.css] [http://localhost/chicdressing/blog/] chicdressing\/wp-content/plugins/wysija-newsletters/css/validationEngine.jquery.css
chicdressing\/wp-content/plugins/social-warfare/assets/js/post-editor/dist/blocks.style.build.css
chicdressing\/wp-content/plugins/wp-seopress/assets/css/seopress-admin-bar.min.css
chicdressing\/wp-includes/css/dashicons.min.css
chicdressing\/wp-includes/css/admin-bar.min.css
[Fri, 24 May 2024 10:30:35 +0000] [/chicdressing/wp-content/cache/minify/e4cea.js] [http://localhost/chicdressing/blog/] chicdressing\/wp-includes/js/jquery/jquery.min.js
chicdressing\/wp-includes/js/jquery/jquery-migrate.min.js
chicdressing\/wp-content/plugins/woocommerce/assets/js/jquery-blockui/jquery.blockUI.min.js
[Fri, 24 May 2024 10:30:35 +0000] [/chicdressing/wp-content/cache/minify/3a600.css] [http://localhost/chicdressing/blog/] chicdressing\/wp-content/plugins/recent-posts-widget-with-thumbnails/public.css
chicdressing\/wp-content/plugins/autoptimize/classes/static/toolbar.min.css
chicdressing\/wp-content/plugins/a3-lazy-load/assets/css/jquery.lazyloadxt.spinner.css
chicdressing\/wp-content/uploads/sass/a3_lazy_load.min.css
[Fri, 24 May 2024 10:30:35 +0000] [/chicdressing/wp-content/cache/minify/b7993.js] [http://localhost/chicdressing/blog/] chicdressing\/wp-content/plugins/woocommerce/assets/js/frontend/add-to-cart.min.js
chicdressing\/wp-content/plugins/woocommerce/assets/js/js-cookie/js.cookie.min.js
[Fri, 24 May 2024 10:30:35 +0000] [/chicdressing/wp-content/cache/minify/5f7d4.js] [http://localhost/chicdressing/blog/] chicdressing\/wp-content/plugins/woocommerce/assets/js/frontend/woocommerce.min.js
[Fri, 24 May 2024 10:30:35 +0000] [/chicdressing/wp-content/cache/minify/64c3d.css] [http://localhost/chicdressing/blog/] chicdressing\/wp-content/plugins/woocommerce/assets/client/blocks/wc-blocks.css
[Fri, 24 May 2024 10:30:35 +0000] [/chicdressing/wp-content/cache/minify/413d8.js] [http://localhost/chicdressing/blog/] chicdressing\/wp-includes/js/hoverintent-js.min.js
chicdressing\/wp-includes/js/admin-bar.min.js
chicdressing\/wp-content/plugins/contact-form-7/includes/swv/js/index.js
[Fri, 24 May 2024 10:30:36 +0000] [/chicdressing/wp-content/cache/minify/0034c.js] [http://localhost/chicdressing/blog/] chicdressing\/wp-content/plugins/social-warfare/assets/js/script.min.js
chicdressing\/wp-content/themes/ashe/assets/js/custom-plugins.js
chicdressing\/wp-content/themes/ashe/assets/js/custom-scripts.js
[Fri, 24 May 2024 10:30:36 +0000] [/chicdressing/wp-content/cache/minify/4967b.js] [http://localhost/chicdressing/blog/] chicdressing\/wp-content/plugins/contact-form-7/includes/js/index.js
chicdressing\/wp-content/plugins/woocommerce/assets/js/sourcebuster/sourcebuster.min.js
[Fri, 24 May 2024 10:30:36 +0000] [/chicdressing/wp-content/cache/minify/161b6.js] [http://localhost/chicdressing/blog/] chicdressing\/wp-content/plugins/autoptimize/classes/static/toolbar.min.js
[Fri, 24 May 2024 10:30:36 +0000] [/chicdressing/wp-content/cache/minify/ee213.js] [http://localhost/chicdressing/blog/] chicdressing\/wp-content/plugins/a3-lazy-load/assets/js/jquery.lazyloadxt.extra.min.js
chicdressing\/wp-content/plugins/a3-lazy-load/assets/js/jquery.lazyloadxt.srcset.min.js
[Fri, 24 May 2024 10:30:36 +0000] [/chicdressing/wp-content/cache/minify/f39f6.js] [http://localhost/chicdressing/blog/] chicdressing\/wp-content/plugins/imagify/assets/js/admin-bar.min.js
[Fri, 24 May 2024 10:30:36 +0000] [/chicdressing/wp-content/cache/minify/8e4b2.js] [http://localhost/chicdressing/blog/] chicdressing\/wp-content/plugins/woocommerce/assets/js/frontend/order-attribution.min.js
[Fri, 24 May 2024 10:30:37 +0000] [/chicdressing/wp-content/cache/minify/a94c3.js] [http://localhost/chicdressing/blog/] chicdressing\/wp-content/plugins/wysija-newsletters/js/front-subscribers.js
[Fri, 24 May 2024 10:30:37 +0000] [/chicdressing/wp-content/cache/minify/6bc65.js] [http://localhost/chicdressing/blog/] chicdressing\/wp-content/plugins/a3-lazy-load/assets/js/jquery.lazyloadxt.extend.js
chicdressing\/wp-content/plugins/wysija-newsletters/js/validate/languages/jquery.validationEngine-fr.js
chicdressing\/wp-content/plugins/wysija-newsletters/js/validate/jquery.validationEngine.js
[Fri, 24 May 2024 10:30:37 +0000] [/chicdressing/wp-content/cache/minify/9261a.js] [http://localhost/chicdressing/blog/] chicdressing\/wp-content/plugins/w3-total-cache/pub/js/lazyload.min.js
[Fri, 24 May 2024 10:35:41 +0000] [/chicdressing/wp-content/cache/minify/17910.css] [http://localhost/chicdressing/accueil/] chicdressing\/wp-content/plugins/wysija-newsletters/css/validationEngine.jquery.css
chicdressing\/wp-content/plugins/social-warfare/assets/js/post-editor/dist/blocks.style.build.css
chicdressing\/wp-content/plugins/wp-seopress/assets/css/seopress-admin-bar.min.css
chicdressing\/wp-includes/css/dashicons.min.css
chicdressing\/wp-includes/css/admin-bar.min.css
[Fri, 24 May 2024 10:35:41 +0000] [/chicdressing/wp-content/cache/minify/85c98.css] [http://localhost/chicdressing/accueil/] chicdressing\/wp-content/plugins/contact-form-7/includes/css/styles.css
chicdressing\/wp-content/plugins/woocommerce/assets/css/woocommerce-layout.css
chicdressing\/wp-content/plugins/woocommerce/assets/css/woocommerce-smallscreen.css
chicdressing\/wp-content/plugins/woocommerce/assets/css/woocommerce.css
[Fri, 24 May 2024 10:35:41 +0000] [/chicdressing/wp-content/cache/minify/c189b.css] [http://localhost/chicdressing/accueil/] chicdressing\/wp-includes/css/dist/block-library/style.min.css
[Fri, 24 May 2024 10:35:41 +0000] [/chicdressing/wp-content/cache/minify/e4cea.js] [http://localhost/chicdressing/accueil/] chicdressing\/wp-includes/js/jquery/jquery.min.js
chicdressing\/wp-includes/js/jquery/jquery-migrate.min.js
chicdressing\/wp-content/plugins/woocommerce/assets/js/jquery-blockui/jquery.blockUI.min.js
[Fri, 24 May 2024 10:35:41 +0000] [/chicdressing/wp-content/cache/minify/b7993.js] [http://localhost/chicdressing/accueil/] chicdressing\/wp-content/plugins/woocommerce/assets/js/frontend/add-to-cart.min.js
chicdressing\/wp-content/plugins/woocommerce/assets/js/js-cookie/js.cookie.min.js
[Fri, 24 May 2024 10:35:41 +0000] [/chicdressing/wp-content/cache/minify/3a600.css] [http://localhost/chicdressing/accueil/] chicdressing\/wp-content/plugins/recent-posts-widget-with-thumbnails/public.css
chicdressing\/wp-content/plugins/autoptimize/classes/static/toolbar.min.css
chicdressing\/wp-content/plugins/a3-lazy-load/assets/css/jquery.lazyloadxt.spinner.css
chicdressing\/wp-content/uploads/sass/a3_lazy_load.min.css
[Fri, 24 May 2024 10:35:42 +0000] [/chicdressing/wp-content/cache/minify/5f7d4.js] [http://localhost/chicdressing/accueil/] chicdressing\/wp-content/plugins/woocommerce/assets/js/frontend/woocommerce.min.js
[Fri, 24 May 2024 10:35:42 +0000] [/chicdressing/wp-content/cache/minify/413d8.js] [http://localhost/chicdressing/accueil/] chicdressing\/wp-includes/js/hoverintent-js.min.js
chicdressing\/wp-includes/js/admin-bar.min.js
chicdressing\/wp-content/plugins/contact-form-7/includes/swv/js/index.js
[Fri, 24 May 2024 10:35:42 +0000] [/chicdressing/wp-content/cache/minify/64c3d.css] [http://localhost/chicdressing/accueil/] chicdressing\/wp-content/plugins/woocommerce/assets/client/blocks/wc-blocks.css
[Fri, 24 May 2024 10:35:43 +0000] [/chicdressing/wp-content/cache/minify/4967b.js] [http://localhost/chicdressing/accueil/] chicdressing\/wp-content/plugins/contact-form-7/includes/js/index.js
chicdressing\/wp-content/plugins/woocommerce/assets/js/sourcebuster/sourcebuster.min.js
[Fri, 24 May 2024 10:35:43 +0000] [/chicdressing/wp-content/cache/minify/8e4b2.js] [http://localhost/chicdressing/accueil/] chicdressing\/wp-content/plugins/woocommerce/assets/js/frontend/order-attribution.min.js
[Fri, 24 May 2024 10:35:43 +0000] [/chicdressing/wp-content/cache/minify/0034c.js] [http://localhost/chicdressing/accueil/] chicdressing\/wp-content/plugins/social-warfare/assets/js/script.min.js
chicdressing\/wp-content/themes/ashe/assets/js/custom-plugins.js
chicdressing\/wp-content/themes/ashe/assets/js/custom-scripts.js
[Fri, 24 May 2024 10:35:43 +0000] [/chicdressing/wp-content/cache/minify/f39f6.js] [http://localhost/chicdressing/accueil/] chicdressing\/wp-content/plugins/imagify/assets/js/admin-bar.min.js
[Fri, 24 May 2024 10:35:43 +0000] [/chicdressing/wp-content/cache/minify/161b6.js] [http://localhost/chicdressing/accueil/] chicdressing\/wp-content/plugins/autoptimize/classes/static/toolbar.min.js
[Fri, 24 May 2024 10:35:43 +0000] [/chicdressing/wp-content/cache/minify/ee213.js] [http://localhost/chicdressing/accueil/] chicdressing\/wp-content/plugins/a3-lazy-load/assets/js/jquery.lazyloadxt.extra.min.js
chicdressing\/wp-content/plugins/a3-lazy-load/assets/js/jquery.lazyloadxt.srcset.min.js
[Fri, 24 May 2024 10:35:44 +0000] [/chicdressing/wp-content/cache/minify/6bc65.js] [http://localhost/chicdressing/accueil/] chicdressing\/wp-content/plugins/a3-lazy-load/assets/js/jquery.lazyloadxt.extend.js
chicdressing\/wp-content/plugins/wysija-newsletters/js/validate/languages/jquery.validationEngine-fr.js
chicdressing\/wp-content/plugins/wysija-newsletters/js/validate/jquery.validationEngine.js
[Fri, 24 May 2024 10:35:44 +0000] [/chicdressing/wp-content/cache/minify/a94c3.js] [http://localhost/chicdressing/accueil/] chicdressing\/wp-content/plugins/wysija-newsletters/js/front-subscribers.js
[Fri, 24 May 2024 10:35:44 +0000] [/chicdressing/wp-content/cache/minify/9261a.js] [http://localhost/chicdressing/accueil/] chicdressing\/wp-content/plugins/w3-total-cache/pub/js/lazyload.min.js
[Fri, 24 May 2024 10:36:35 +0000] [/chicdressing/wp-content/cache/minify/c2e07.js] [http://localhost/chicdressing/accueil/] chicdressing\/wp-includes/js/jquery/jquery.min.js
d.min.css
[Fri, 24 May 2024 10:36:35 +0000] [/chicdressing/wp-content/cache/minify/c38be.js] [http://localhost/chicdressing/accueil/] chicdressing\/wp-content/plugins/autoptimize/classes/external/js/lazysizes.min.js
chicdressing\/wp-content/plugins/w3-total-cache/pub/js/lazyload.min.js
[Fri, 24 May 2024 10:45:48 +0000] [/chicdressing/wp-content/cache/minify/cf48e.css] [http://localhost/chicdressing/accueil/] chicdressing\/wp-content/uploads/sass/a3_lazy_load.min.css
[Fri, 24 May 2024 10:45:48 +0000] [/chicdressing/wp-content/cache/minify/c2e07.js] [http://localhost/chicdressing/accueil/] chicdressing\/wp-includes/js/jquery/jquery.min.js
[Fri, 24 May 2024 10:45:49 +0000] [/chicdressing/wp-content/cache/minify/c38be.js] [http://localhost/chicdressing/accueil/] chicdressing\/wp-content/plugins/autoptimize/classes/external/js/lazysizes.min.js
chicdressing\/wp-content/plugins/w3-total-cache/pub/js/lazyload.min.js
[Fri, 24 May 2024 10:48:06 +0000] [/chicdressing/wp-content/cache/minify/cf48e.css] [http://localhost/chicdressing/accueil/] chicdressing\/wp-content/uploads/sass/a3_lazy_load.min.css
[Fri, 24 May 2024 10:48:06 +0000] [/chicdressing/wp-content/cache/minify/c2e07.js] [http://localhost/chicdressing/accueil/] chicdressing\/wp-includes/js/jquery/jquery.min.js
[Fri, 24 May 2024 10:48:06 +0000] [/chicdressing/wp-content/cache/minify/c38be.js] [http://localhost/chicdressing/accueil/] chicdressing\/wp-content/plugins/autoptimize/classes/external/js/lazysizes.min.js
chicdressing\/wp-content/plugins/w3-total-cache/pub/js/lazyload.min.js
[Fri, 24 May 2024 10:49:05 +0000] [/chicdressing/wp-content/cache/minify/2cfd0.js] [http://localhost/chicdressing/?customize_changeset_uuid=b6a9f887-1b05-4074-9674-e0f1a4a8d23b&customize_theme=chicdressing&customize_messenger_channel=preview-0] chicdressing\/wp-includes/js/jquery/jquery.min.js
chicdressing\/wp-includes/js/jquery/jquery-migrate.min.js
chicdressing\/wp-content/plugins/woocommerce/assets/js/js-cookie/js.cookie.min.js
[Fri, 24 May 2024 10:49:05 +0000] [/chicdressing/wp-content/cache/minify/1cd20.js] [http://localhost/chicdressing/?customize_changeset_uuid=b6a9f887-1b05-4074-9674-e0f1a4a8d23b&customize_theme=chicdressing&customize_messenger_channel=preview-0] chicdressing\/wp-content/plugins/woocommerce/assets/js/frontend/add-to-cart.min.js
[Fri, 24 May 2024 10:49:05 +0000] [/chicdressing/wp-content/cache/minify/2ece5.css] [http://localhost/chicdressing/?customize_changeset_uuid=b6a9f887-1b05-4074-9674-e0f1a4a8d23b&customize_theme=chicdressing&customize_messenger_channel=preview-0] chicdressing\/wp-content/plugins/social-warfare/assets/css/style.min.css
chicdressing\/wp-content/themes/ashe/style.css
chicdressing\/wp-content/themes/chicdressing/style.css
chicdressing\/wp-content/themes/ashe/assets/css/fontawesome.min.css
chicdressing\/wp-content/themes/ashe/assets/css/fontello.css
chicdressing\/wp-content/themes/ashe/assets/css/slick.css
chicdressing\/wp-content/themes/ashe/assets/css/perfect-scrollbar.css
chicdressing\/wp-content/themes/ashe/assets/css/woocommerce.css
chicdressing\/wp-content/themes/ashe/assets/css/responsive.css
[Fri, 24 May 2024 10:49:05 +0000] [/chicdressing/wp-content/cache/minify/28ef1.css] [http://localhost/chicdressing/?customize_changeset_uuid=b6a9f887-1b05-4074-9674-e0f1a4a8d23b&customize_theme=chicdressing&customize_messenger_channel=preview-0] chicdressing\/wp-content/plugins/wysija-newsletters/css/validationEngine.jquery.css
chicdressing\/wp-content/plugins/social-warfare/assets/js/post-editor/dist/blocks.style.build.css
chicdressing\/wp-includes/css/dashicons.min.css
chicdressing\/wp-includes/css/customize-preview.min.css
[Fri, 24 May 2024 10:49:05 +0000] [/chicdressing/wp-content/cache/minify/50fd1.css] [http://localhost/chicdressing/?customize_changeset_uuid=b6a9f887-1b05-4074-9674-e0f1a4a8d23b&customize_theme=chicdressing&customize_messenger_channel=preview-0] chicdressing\/wp-content/plugins/recent-posts-widget-with-thumbnails/public.css
chicdressing\/wp-includes/js/mediaelement/mediaelementplayer-legacy.min.css
chicdressing\/wp-includes/js/mediaelement/wp-mediaelement.min.css
chicdressing\/wp-content/plugins/a3-lazy-load/assets/css/jquery.lazyloadxt.spinner.css
chicdressing\/wp-content/uploads/sass/a3_lazy_load.min.css
[Fri, 24 May 2024 10:49:05 +0000] [/chicdressing/wp-content/cache/minify/03631.js] [http://localhost/chicdressing/?customize_changeset_uuid=b6a9f887-1b05-4074-9674-e0f1a4a8d23b&customize_theme=chicdressing&customize_messenger_channel=preview-0] chicdressing\/wp-content/plugins/woocommerce/assets/js/frontend/cart-fragments.min.js
chicdressing\/wp-content/plugins/woocommerce/assets/js/jquery-blockui/jquery.blockUI.min.js
[Fri, 24 May 2024 10:49:06 +0000] [/chicdressing/wp-content/cache/minify/b991d.js] [http://localhost/chicdressing/?customize_changeset_uuid=b6a9f887-1b05-4074-9674-e0f1a4a8d23b&customize_theme=chicdressing&customize_messenger_channel=preview-0] chicdressing\/wp-includes/js/jquery/ui/core.min.js
chicdressing\/wp-includes/js/jquery/ui/mouse.min.js
chicdressing\/wp-includes/js/jquery/ui/slider.min.js
chicdressing\/wp-content/plugins/woocommerce/assets/js/jquery-ui-touch-punch/jquery-ui-touch-punch.min.js
chicdressing\/wp-content/plugins/woocommerce/assets/js/accounting/accounting.min.js
[Fri, 24 May 2024 10:49:06 +0000] [/chicdressing/wp-content/cache/minify/53a9a.js] [http://localhost/chicdressing/?customize_changeset_uuid=b6a9f887-1b05-4074-9674-e0f1a4a8d23b&customize_theme=chicdressing&customize_messenger_channel=preview-0] chicdressing\/wp-content/plugins/woocommerce/assets/js/frontend/price-slider.min.js
chicdressing\/wp-includes/js/dist/vendor/wp-polyfill-inert.min.js
chicdressing\/wp-includes/js/dist/vendor/regenerator-runtime.min.js
chicdressing\/wp-includes/js/dist/vendor/wp-polyfill.min.js
chicdressing\/wp-includes/js/dist/dom-ready.min.js
chicdressing\/wp-includes/js/dist/hooks.min.js
chicdressing\/wp-includes/js/dist/i18n.min.js
[Fri, 24 May 2024 10:49:06 +0000] [/chicdressing/wp-content/cache/minify/c54a0.js] [http://localhost/chicdressing/?customize_changeset_uuid=b6a9f887-1b05-4074-9674-e0f1a4a8d23b&customize_theme=chicdressing&customize_messenger_channel=preview-0] chicdressing\/wp-includes/js/mediaelement/mediaelement-and-player.min.js
chicdressing\/wp-includes/js/mediaelement/mediaelement-migrate.min.js
[Fri, 24 May 2024 10:49:06 +0000] [/chicdressing/wp-content/cache/minify/2dd44.js] [http://localhost/chicdressing/?customize_changeset_uuid=b6a9f887-1b05-4074-9674-e0f1a4a8d23b&customize_theme=chicdressing&customize_messenger_channel=preview-0] chicdressing\/wp-includes/js/mediaelement/wp-mediaelement.min.js
chicdressing\/wp-includes/js/mediaelement/renderers/vimeo.min.js
[Fri, 24 May 2024 10:49:06 +0000] [/chicdressing/wp-content/cache/minify/00c21.js] [http://localhost/chicdressing/?customize_changeset_uuid=b6a9f887-1b05-4074-9674-e0f1a4a8d23b&customize_theme=chicdressing&customize_messenger_channel=preview-0] chicdressing\/wp-includes/js/wp-util.min.js
chicdressing\/wp-includes/js/backbone.min.js
chicdressing\/wp-includes/js/mediaelement/wp-playlist.min.js
chicdressing\/wp-includes/js/customize-selective-refresh.min.js
chicdressing\/wp-includes/js/customize-preview-widgets.min.js
chicdressing\/wp-includes/js/customize-preview-nav-menus.min.js
[Fri, 24 May 2024 10:49:06 +0000] [/chicdressing/wp-content/cache/minify/17402.js] [http://localhost/chicdressing/?customize_changeset_uuid=b6a9f887-1b05-4074-9674-e0f1a4a8d23b&customize_theme=chicdressing&customize_messenger_channel=preview-0] chicdressing\/wp-includes/js/dist/a11y.min.js
chicdressing\/wp-includes/js/underscore.min.js
chicdressing\/wp-includes/js/customize-base.min.js
chicdressing\/wp-includes/js/customize-preview.min.js
chicdressing\/wp-content/themes/ashe/inc/customizer/js/customize-preview.js
chicdressing\/wp-content/plugins/contact-form-7/includes/swv/js/index.js
[Fri, 24 May 2024 10:49:37 +0000] [/chicdressing/wp-content/cache/minify/c2e07.js] [http://localhost/chicdressing/accueil/] chicdressing\/wp-includes/js/jquery/jquery.min.js
[Fri, 24 May 2024 10:49:37 +0000] [/chicdressing/wp-content/cache/minify/cf48e.css] [http://localhost/chicdressing/accueil/] chicdressing\/wp-content/uploads/sass/a3_lazy_load.min.css
[Fri, 24 May 2024 10:49:38 +0000] [/chicdressing/wp-content/cache/minify/c38be.js] [http://localhost/chicdressing/accueil/] chicdressing\/wp-content/plugins/autoptimize/classes/external/js/lazysizes.min.js
chicdressing\/wp-content/plugins/w3-total-cache/pub/js/lazyload.min.js
[Fri, 24 May 2024 10:50:18 +0000] [/chicdressing/wp-content/cache/minify/cf48e.css] [http://localhost/chicdressing/accueil/] chicdressing\/wp-content/uploads/sass/a3_lazy_load.min.css
[Fri, 24 May 2024 10:50:18 +0000] [/chicdressing/wp-content/cache/minify/c2e07.js] [http://localhost/chicdressing/accueil/] chicdressing\/wp-includes/js/jquery/jquery.min.js
[Fri, 24 May 2024 10:50:19 +0000] [/chicdressing/wp-content/cache/minify/c38be.js] [http://localhost/chicdressing/accueil/] chicdressing\/wp-content/plugins/autoptimize/classes/external/js/lazysizes.min.js
chicdressing\/wp-content/plugins/w3-total-cache/pub/js/lazyload.min.js
